<?xml version="1.0" encoding="UTF-8"?>
<!-- Generated by org.testng.reporters.JUnitReportReporter -->
<testsuite hostname="Sagar" failures="0" tests="2" name="com.rest.training.PathParam" time="2.593" errors="0" timestamp="2021-07-21T18:20:31 IST" skipped="0">
  <testcase classname="com.rest.training.PathParam" name="path_param1" time="2.456"/>
  <system-out/>
  <testcase classname="com.rest.training.PathParam" name="path_param2" time="0.137"/>
  <system-out/>
</testsuite> <!-- com.rest.training.PathParam -->
