<?xml version="1.0" encoding="UTF-8"?>
<!-- Generated by org.testng.reporters.JUnitReportReporter -->
<testsuite hostname="Sagar" failures="0" tests="2" name="com.rest.training.DataDriven" time="0.010" errors="0" timestamp="2021-07-01T14:46:42 IST" skipped="0">
  <testcase classname="com.rest.training.DataDriven" name="sum_1" time="0.008"/>
  <system-out/>
  <testcase classname="com.rest.training.DataDriven" name="sum_1" time="0.002"/>
  <system-out/>
</testsuite> <!-- com.rest.training.DataDriven -->
