<?xml version="1.0" encoding="UTF-8"?>
<!-- Generated by org.testng.reporters.JUnitReportReporter -->
<testsuite hostname="Sagar" failures="0" tests="2" name="com.rest.training.QueryParam" time="2.706" errors="0" timestamp="2021-07-21T18:15:42 IST" skipped="0">
  <testcase classname="com.rest.training.QueryParam" name="query_param_2" time="0.181"/>
  <system-out/>
  <testcase classname="com.rest.training.QueryParam" name="query_param_1" time="2.525"/>
  <system-out/>
</testsuite> <!-- com.rest.training.QueryParam -->
