<?xml version="1.0" encoding="UTF-8"?>
<!-- Generated by org.testng.reporters.JUnitReportReporter -->
<testsuite hostname="Sagar" failures="0" tests="4" name="com.rest.training.PostRequest" time="3.857" errors="0" timestamp="2021-07-21T17:59:33 IST" skipped="0">
  <testcase classname="com.rest.training.PostRequest" name="test_post1" time="0.014"/>
  <system-out>
    <![CDATA[hello
hello]]>
  </system-out>
  <testcase classname="com.rest.training.PostRequest" name="test_post3" time="3.238"/>
  <system-out/>
  <testcase classname="com.rest.training.PostRequest" name="test_post4" time="0.583"/>
  <system-out/>
  <testcase classname="com.rest.training.PostRequest" name="test_post2" time="0.022"/>
  <system-out/>
</testsuite> <!-- com.rest.training.PostRequest -->
